Failed Close: 2018-08-01 23:23:31 (EST)
Failed Close: 2018-11-03 07:02:22 (EST)
Failed Close: 2018-11-09 22:28:59 (EST)
Failed Open: 2018-11-10 07:24:42 (EST)
Failed Close: 2018-11-10 17:35:29 (EST)
Failed Open: 2018-11-11 07:26:16 (EST)
Failed Close: 2018-11-12 10:47:29 (EST)
Failed Open: 2018-11-12 10:48:07 (EST)
Failed Close: 2018-11-12 11:11:00 (EST)
Failed Open: 2018-11-12 11:11:38 (EST)
Failed Open: 2018-11-12 11:23:02 (EST)
Closed: 2018-11-12 11:48:14 (EST)
Opened: 2018-11-12 11:49:30 (EST)
Opened: 2019-08-25 18:04:27 (EST)
Closed: 2019-08-25 18:20:39 (EST)
Failed Open: 2019-08-25 18:27:16 (EST)
Closed: 2019-08-25 18:28:52 (EST)
Opened: 2019-08-25 18:34:30 (EST)
Closed: 2019-08-25 18:36:07 (EST)
Opened: 08/25/19 18:45:21 (EDT) (EST)
Closed: 08/25/19 19:09:46 ()
Failed Open: 08/26/19 08:14:12 ()
Closed: 08/26/19 08:15:59 ()
Closed: 08/26/19 11:15:01 ()
Opened: 08/26/19 11:25:19 ()
Closed: 08/26/19 16:29:48 ()
Failed Open: 08/26/19 16:31:25 ()
Failed Close: 08/26/19 16:34:16 ()
Failed Open: 08/26/19 16:52:37 ()
Closed: 08/27/19 16:11:48 ()
Opened: 08/27/19 16:14:49 ()
Closed: 08/27/19 20:23:22 (EDT)
Closed: 08/28/19 20:22:18 (EDT)
Opened: 08/29/19 06:14:34 (EDT)
Opened: 08/29/19 16:05:27 (EDT)
Closed: 08/29/19 20:20:14 (EDT)
Opened: 08/30/19 06:15:32 (EDT)
Opened: 08/30/19 09:39:02 (EDT)
Closed: 08/30/19 20:18:55 (EDT)
Opened: 08/31/19 06:16:30 (EDT)
Closed: 09/01/19 20:16:11 (EDT)
Opened: 09/02/19 06:18:24 (EDT)
Closed: 09/02/19 20:14:30 (EDT)
Opened: 09/03/19 06:19:22 (EDT)
Closed: 09/03/19 20:13:00 (EDT)
Opened: 09/04/19 06:20:19 (EDT)
Closed: 09/04/19 20:11:23 (EDT)
Opened: 09/05/19 06:21:15 (EDT)
Closed: 09/05/19 20:09:47 (EDT)
Opened: 09/06/19 06:22:12 (EDT)
Closed: 09/06/19 20:08:10 (EDT)
Opened: 09/07/19 06:23:09 (EDT)
Closed: 09/07/19 20:06:32 (EDT)
Opened: 09/08/19 06:24:05 (EDT)
Closed: 09/08/19 20:04:55 (EDT)
Opened: 09/09/19 06:25:01 (EDT)
Closed: 09/09/19 20:03:17 (EDT)
Opened: 09/10/19 06:25:58 (EDT)
Closed: 09/10/19 20:01:39 (EDT)
Opened: 09/11/19 06:26:54 (EDT)
Closed: 09/11/19 20:00:01 (EDT)
Failed open: 09/12/19 06:27:50 (EDT)
Failed close: 09/12/19 19:58:23 (EDT)
Failed open: 09/13/19 06:28:45 (EDT)
Failed close: 09/13/19 19:56:44 (EDT)
Failed open: 09/14/19 06:29:41 (EDT)
Failed close: 09/14/19 19:55:06 (EDT)
Failed open: 09/15/19 06:30:37 (EDT)
Failed close: 09/15/19 19:53:27 (EDT)
Failed open: 09/16/19 06:31:33 (EDT)
Opened: 09/16/19 16:40:18 (EDT)
Opened: 09/16/19 17:01:11 (EDT)
Closed: 09/16/19 19:51:06 (EDT)
Opened: 09/17/19 06:32:28 (EDT)
Closed: 09/17/19 19:50:10 (EDT)
Opened: 09/18/19 06:33:24 (EDT)
Closed: 09/18/19 19:48:32 (EDT)
Opened: 09/19/19 06:34:19 (EDT)
Closed: 09/19/19 19:46:53 (EDT)
Opened: 09/20/19 06:35:14 (EDT)
Closed: 09/20/19 19:45:15 (EDT)
Opened: 09/21/19 06:36:10 (EDT)
Closed: 09/21/19 19:43:37 (EDT)
Opened: 09/22/19 06:37:05 (EDT)
Closed: 09/22/19 19:41:59 (EDT)
Opened: 09/23/19 06:38:01 (EDT)
Closed: 09/23/19 19:40:21 (EDT)
Opened: 09/24/19 06:38:56 (EDT)
Closed: 09/24/19 19:38:43 (EDT)
Opened: 09/25/19 06:39:52 (EDT)
Closed: 09/25/19 19:37:06 (EDT)
Opened: 09/26/19 06:40:47 (EDT)
Closed: 09/26/19 19:35:29 (EDT)
Failed open: 09/27/19 06:41:43 (EDT)
Failed close: 09/27/19 19:33:52 (EDT)
Failed open: 09/28/19 06:42:38 (EDT)
Failed close: 09/28/19 19:32:15 (EDT)
Failed open: 09/29/19 06:43:34 (EDT)
Failed close: 09/29/19 19:30:39 (EDT)
Failed open: 09/30/19 06:44:30 (EDT)
Failed close: 09/30/19 19:29:03 (EDT)
Failed open: 10/01/19 06:45:26 (EDT)
Failed close: 10/01/19 19:27:28 (EDT)
Failed open: 10/02/19 06:46:21 (EDT)
Failed close: 10/02/19 19:25:53 (EDT)
Failed open: 10/03/19 06:47:18 (EDT)
Failed close: 10/03/19 19:24:19 (EDT)
Failed open: 10/04/19 06:48:14 (EDT)
Failed close: 10/04/19 19:22:45 (EDT)
Failed open: 10/05/19 06:49:10 (EDT)
Failed close: 10/05/19 19:21:11 (EDT)
Failed open: 10/06/19 06:50:06 (EDT)
Failed close: 10/06/19 19:19:39 (EDT)
Failed open: 10/07/19 06:51:03 (EDT)
Failed close: 10/07/19 19:18:07 (EDT)
Failed open: 10/08/19 06:52:00 (EDT)
Failed close: 10/08/19 19:16:35 (EDT)
Failed open: 10/09/19 06:52:57 (EDT)
Failed close: 10/09/19 19:15:04 (EDT)
Failed open: 10/10/19 06:53:54 (EDT)
Failed close: 10/10/19 19:13:34 (EDT)
Failed open: 10/11/19 06:54:51 (EDT)
Failed close: 10/11/19 19:12:05 (EDT)
Failed open: 10/12/19 06:55:49 (EDT)
Failed close: 10/12/19 19:10:36 (EDT)
Failed open: 10/13/19 06:56:47 (EDT)
Failed close: 10/13/19 19:09:08 (EDT)
Failed open: 10/14/19 06:57:45 (EDT)
Failed close: 10/14/19 19:07:41 (EDT)
Failed open: 10/15/19 06:58:43 (EDT)
Failed close: 10/15/19 19:06:15 (EDT)
Failed open: 10/16/19 06:59:41 (EDT)
Failed close: 10/16/19 19:04:49 (EDT)
Failed open: 10/17/19 07:00:40 (EDT)
Failed close: 10/17/19 19:03:25 (EDT)
Failed open: 10/18/19 07:01:39 (EDT)
Failed close: 10/18/19 19:02:02 (EDT)
Failed open: 10/19/19 07:02:38 (EDT)
Failed close: 10/19/19 19:00:39 (EDT)
Failed open: 10/20/19 07:03:37 (EDT)
Failed close: 10/20/19 18:59:18 (EDT)
Failed open: 10/21/19 07:04:37 (EDT)
Failed close: 10/21/19 18:57:57 (EDT)
Failed open: 10/22/19 07:05:37 (EDT)
Failed close: 10/22/19 18:56:38 (EDT)
Failed open: 10/23/19 07:06:37 (EDT)
Failed close: 10/23/19 18:55:20 (EDT)
Failed open: 10/24/19 07:07:37 (EDT)
Failed close: 10/24/19 18:54:03 (EDT)
Failed open: 10/25/19 07:08:37 (EDT)
Failed close: 10/25/19 18:52:47 (EDT)
Failed open: 10/26/19 07:09:38 (EDT)
Failed close: 10/26/19 18:51:32 (EDT)
Failed open: 10/27/19 07:10:39 (EDT)
Failed close: 10/27/19 18:50:19 (EDT)
Failed open: 10/28/19 07:11:41 (EDT)
Failed close: 10/28/19 18:49:07 (EDT)
Failed open: 10/29/19 07:12:42 (EDT)
Failed close: 10/29/19 18:47:56 (EDT)
Failed open: 10/30/19 07:13:44 (EDT)
Failed close: 10/30/19 18:46:46 (EDT)
Failed open: 10/31/19 07:14:46 (EDT)
Failed close: 10/31/19 18:45:38 (EDT)
Failed open: 11/01/19 07:15:48 (EDT)
Failed close: 11/01/19 18:44:32 (EDT)
Failed open: 11/02/19 07:16:50 (EDT)
Failed close: 11/02/19 18:43:26 (EDT)
Failed open: 11/03/19 06:17:52 (EST)
Failed close: 11/03/19 17:42:25 (EST)
Failed open: 11/04/19 06:18:52 (EST)
Failed close: 11/04/19 17:41:23 (EST)
Failed open: 11/05/19 06:19:55 (EST)
Failed close: 11/05/19 17:40:22 (EST)
Failed open: 11/06/19 06:20:58 (EST)
Failed close: 11/06/19 17:39:23 (EST)
Failed open: 11/07/19 06:22:01 (EST)
Failed close: 11/07/19 17:38:25 (EST)
Failed open: 11/08/19 06:23:04 (EST)
Failed close: 11/08/19 17:37:29 (EST)
Failed open: 11/09/19 06:24:07 (EST)
Failed close: 11/09/19 17:36:34 (EST)
Failed open: 11/10/19 06:25:10 (EST)
Failed close: 11/10/19 17:35:41 (EST)
Failed open: 11/11/19 06:26:13 (EST)
Failed close: 11/11/19 17:34:50 (EST)
Failed open: 11/12/19 06:27:16 (EST)
Failed close: 11/12/19 17:34:01 (EST)
Failed open: 11/13/19 06:28:20 (EST)
Failed close: 11/13/19 17:33:13 (EST)
Failed open: 11/14/19 06:29:23 (EST)
Failed close: 11/14/19 17:32:28 (EST)
Failed open: 11/15/19 06:30:26 (EST)
Failed close: 11/15/19 17:31:44 (EST)
Failed open: 11/16/19 06:31:28 (EST)
Failed close: 11/16/19 17:31:01 (EST)
Failed open: 11/17/19 06:32:31 (EST)
Failed close: 11/17/19 17:30:21 (EST)
Failed open: 11/18/19 06:33:33 (EST)
Failed close: 11/18/19 17:29:43 (EST)
Failed open: 11/19/19 06:34:36 (EST)
Failed close: 11/19/19 17:29:06 (EST)
Failed open: 11/20/19 06:35:37 (EST)
Failed close: 11/20/19 17:28:31 (EST)
Failed open: 11/21/19 06:36:39 (EST)
Failed close: 11/21/19 17:27:59 (EST)
Failed open: 11/22/19 06:37:40 (EST)
Failed close: 11/22/19 17:27:28 (EST)
Failed open: 11/23/19 06:38:41 (EST)
Failed close: 11/23/19 17:26:59 (EST)
Failed open: 11/24/19 06:39:42 (EST)
Failed close: 11/24/19 17:26:32 (EST)
Failed open: 11/25/19 06:40:41 (EST)
Failed close: 11/25/19 17:26:07 (EST)
Failed open: 11/26/19 06:41:41 (EST)
Failed close: 11/26/19 17:25:44 (EST)
Failed open: 11/27/19 06:42:40 (EST)
Failed close: 11/27/19 17:25:24 (EST)
Failed open: 11/28/19 06:43:38 (EST)
Failed close: 11/28/19 17:25:05 (EST)
Failed open: 11/29/19 06:44:36 (EST)
Failed close: 11/29/19 17:24:48 (EST)
Failed open: 11/30/19 06:45:32 (EST)
Failed close: 11/30/19 17:24:34 (EST)
Failed open: 12/01/19 06:46:29 (EST)
Failed close: 12/01/19 17:24:21 (EST)
Failed open: 12/02/19 06:47:24 (EST)
Failed close: 12/02/19 17:24:10 (EST)
Failed open: 12/03/19 06:48:19 (EST)
Failed close: 12/03/19 17:24:02 (EST)
Failed open: 12/04/19 06:49:12 (EST)
Failed close: 12/04/19 17:23:55 (EST)
Failed open: 12/05/19 06:50:05 (EST)
Failed close: 12/05/19 17:23:51 (EST)
Failed open: 12/06/19 06:50:57 (EST)
Failed close: 12/06/19 17:23:49 (EST)
Failed open: 12/07/19 06:51:47 (EST)
Failed close: 12/07/19 17:23:49 (EST)
Failed open: 12/08/19 06:52:37 (EST)
Failed close: 12/08/19 17:23:51 (EST)
Failed open: 12/09/19 06:53:25 (EST)
Failed close: 12/09/19 17:23:54 (EST)
Failed open: 12/10/19 06:54:12 (EST)
Failed close: 12/10/19 17:24:00 (EST)
Failed open: 12/11/19 06:54:58 (EST)
Failed close: 12/11/19 17:24:08 (EST)
Failed open: 12/12/19 06:55:43 (EST)
Failed close: 12/12/19 17:24:18 (EST)
Failed open: 12/13/19 06:56:27 (EST)
Failed close: 12/13/19 17:24:30 (EST)
Failed open: 12/14/19 06:57:09 (EST)
Failed close: 12/14/19 17:24:44 (EST)
Failed open: 12/15/19 06:57:49 (EST)
Failed close: 12/15/19 17:25:00 (EST)
Failed open: 12/16/19 06:58:29 (EST)
Failed close: 12/16/19 17:25:18 (EST)
Failed open: 12/17/19 06:59:06 (EST)
Failed close: 12/17/19 17:25:38 (EST)
Failed open: 12/18/19 06:59:42 (EST)
Failed close: 12/18/19 17:26:00 (EST)
Failed open: 12/19/19 07:00:17 (EST)
Failed close: 12/19/19 17:26:23 (EST)
Failed open: 12/20/19 07:00:50 (EST)
Failed close: 12/20/19 17:26:49 (EST)
Failed open: 12/21/19 07:01:21 (EST)
Failed close: 12/21/19 17:27:16 (EST)
Failed open: 12/22/19 07:01:51 (EST)
Failed close: 12/22/19 17:27:45 (EST)
Failed open: 12/23/19 07:02:19 (EST)
Failed close: 12/23/19 17:28:16 (EST)
Failed open: 12/24/19 07:02:46 (EST)
Failed close: 12/24/19 17:28:51 (EST)
Failed open: 12/25/19 07:03:10 (EST)
Failed close: 12/25/19 17:29:23 (EST)
Failed open: 12/26/19 07:03:32 (EST)
Failed close: 12/26/19 17:29:59 (EST)
Failed open: 12/27/19 07:03:53 (EST)
Failed close: 12/27/19 17:30:36 (EST)
Failed open: 12/28/19 07:04:13 (EST)
Failed close: 12/28/19 17:33:38 (EST)
Failed open: 12/29/19 07:04:47 (EST)
Failed close: 12/29/19 17:32:11 (EST)
Failed open: 01/24/20 15:04:45 (EST)
Opened: 01/24/20 15:13:25 (EST)
Failed close: 01/24/20 17:56:25 (EST)
