2018-11-13 22:14:55,810 Email sent: 'The program for chicken coop door #1 has started! If you did not restart it, please check that it is still working correctly. The sytem could be having power issues.'
2018-11-13 22:14:55,820 Setting up the timezone and location for Wardensville, WV...
2018-11-13 22:14:56,665 Determining door position...
2018-11-13 22:14:56,668 Failed to determine door position...
2018-11-13 22:14:56,723 Door Closing...
2018-11-13 22:16:11,727 Door failed to Close at: 2018-11-14 03:14:56
2018-11-13 22:16:13,017 Email sent: 'The chicken door program has died. Please restart it.'
2018-11-13 22:20:13,097 Email sent: 'The program for chicken coop door #1 has started! If you did not restart it, please check that it is still working correctly. The sytem could be having power issues.'
2018-11-13 22:20:13,103 Setting up the timezone and location for Wardensville, WV...
2018-11-13 22:20:13,768 Determining door position...
2018-11-13 22:20:13,775 Failed to determine door position...
2018-11-13 22:20:13,898 Door Closing...
2018-11-13 22:23:09,409 Email sent: 'The program for chicken coop door #1 has started! If you did not restart it, please check that it is still working correctly. The sytem could be having power issues.'
2018-11-13 22:23:09,418 Setting up the timezone and location for Wardensville, WV...
2018-11-13 22:23:10,086 Determining door position...
2018-11-13 22:23:10,088 Failed to determine door position...
2018-11-13 22:23:10,144 Door Closing...
2018-11-13 22:23:41,432 Door Closed at: 2018-11-14 03:23:10
2018-11-13 22:23:42,542 Email sent: 'Chicken coop door #1 closed correctly.'
2018-11-13 22:25:15,631 Email sent: 'The program for chicken coop door #1 has started! If you did not restart it, please check that it is still working correctly. The sytem could be having power issues.'
2018-11-13 22:25:15,647 Setting up the timezone and location for Wardensville, WV...
2018-11-13 22:25:16,281 Determining door position...
2018-11-13 22:25:16,284 Door found to be Closed
2018-11-13 22:28:53,164 Email sent: 'The program for chicken coop door #1 has started! If you did not restart it, please check that it is still working correctly. The sytem could be having power issues.'
2018-11-13 22:28:53,177 Setting up the timezone and location for Wardensville, WV...
2018-11-13 22:28:53,837 Determining door position...
2018-11-13 22:28:53,839 Door found to be Closed
